
1	[+] Thu Nov 29 20:59:32 SGT 2018 - Mafumafu Sticker (cat)
2	[+] Thu Nov 29 20:59:32 SGT 2018 - Mafumafu Sticker (cat)
3	[+] Thu Nov 29 20:59:39 SGT 2018 - honobono log sticker 2
4	[+] Thu Nov 29 20:59:39 SGT 2018 - honobono log sticker 2
5	[+] Thu Nov 29 20:59:45 SGT 2018 - Warm fuzzy series (high school boys)
6	[+] Thu Nov 29 20:59:45 SGT 2018 - Warm fuzzy series (high school boys)
7	[+] Thu Nov 29 20:59:53 SGT 2018 - Sticker obediently tell2
8	[+] Thu Nov 29 20:59:53 SGT 2018 - Sticker obediently tell2
9	[+] Thu Nov 29 21:00:01 SGT 2018 - Mafumafu Sticker (cat) vol.2
10	[+] Thu Nov 29 21:00:01 SGT 2018 - Mafumafu Sticker (cat) vol.2
11	[+] Thu Nov 29 21:00:09 SGT 2018 - Amatsuki Sticker
12	[+] Thu Nov 29 21:00:09 SGT 2018 - Amatsuki Sticker
13	[+] Thu Nov 29 21:00:15 SGT 2018 - honobono log sticker
14	[+] Thu Nov 29 21:00:15 SGT 2018 - honobono log sticker
15	[+] Thu Nov 29 21:00:21 SGT 2018 - Fun life of Boy Student 2
16	[+] Thu Nov 29 21:00:21 SGT 2018 - Fun life of Boy Student 2
17	[+] Thu Nov 29 21:00:28 SGT 2018 - It's love 8.
18	[+] Thu Nov 29 21:00:28 SGT 2018 - It's love 8.
19	[+] Thu Nov 29 21:00:33 SGT 2018 - it's love 7.
20	[+] Thu Nov 29 21:00:33 SGT 2018 - it's love 7.
21	[+] Thu Nov 29 21:00:37 SGT 2018 - it's love 6
22	[+] Thu Nov 29 21:00:37 SGT 2018 - it's love 6
23	[+] Thu Nov 29 21:00:44 SGT 2018 - it's love 9.
24	[+] Thu Nov 29 21:00:44 SGT 2018 - it's love 9.
25	[+] Thu Nov 29 21:00:48 SGT 2018 - Dog girls sticker EN
26	[+] Thu Nov 29 21:00:48 SGT 2018 - Dog girls sticker EN
27	[+] Thu Nov 29 21:00:54 SGT 2018 - Menhera-chan.Animation 2 EN
28	[+] Thu Nov 29 21:00:54 SGT 2018 - Menhera-chan.Animation 2 EN
29	[+] Thu Nov 29 21:00:58 SGT 2018 - That One Guy With Glasses.
30	[+] Thu Nov 29 21:00:58 SGT 2018 - That One Guy With Glasses.
31	[+] Thu Nov 29 21:01:04 SGT 2018 - Fun life of Boy Student 4
32	[+] Thu Nov 29 21:01:04 SGT 2018 - Fun life of Boy Student 4
33	[+] Thu Nov 29 21:01:10 SGT 2018 - snuggling sticker
34	[+] Thu Nov 29 21:01:10 SGT 2018 - snuggling sticker
35	[+] Thu Nov 29 21:01:16 SGT 2018 - Love tell sticker 2
36	[+] Thu Nov 29 21:01:16 SGT 2018 - Love tell sticker 2
37	[+] Thu Nov 29 21:01:22 SGT 2018 - Love tell sticker
38	[+] Thu Nov 29 21:01:22 SGT 2018 - Love tell sticker
39	[+] Thu Nov 29 21:01:29 SGT 2018 - NEKOMIMI PARADISE 1
40	[+] Thu Nov 29 21:01:29 SGT 2018 - NEKOMIMI PARADISE 1
41	[+] Thu Nov 29 21:01:35 SGT 2018 - NEKOMIMI PARADISE 2
42	[+] Thu Nov 29 21:01:35 SGT 2018 - NEKOMIMI PARADISE 2
43	[+] Thu Nov 29 21:01:42 SGT 2018 - Love tell sticker 3
44	[+] Thu Nov 29 21:01:42 SGT 2018 - Love tell sticker 3
45	[+] Thu Nov 29 21:01:48 SGT 2018 - YURU-YURI
46	[+] Thu Nov 29 21:01:48 SGT 2018 - YURU-YURI
47	[+] Thu Nov 29 21:01:54 SGT 2018 - Hatsune Miku
48	[+] Thu Nov 29 21:01:54 SGT 2018 - Hatsune Miku