C:\testing\Mafumafu Sticker (cat)\1
C:\testing\Mafumafu Sticker (cat)\2
C:\testing\honobono log sticker 2\3
C:\testing\honobono log sticker 2\4
C:\testing\Warm fuzzy series (high school boys)\5
C:\testing\Warm fuzzy series (high school boys)\6
C:\testing\Sticker obediently tell2\7
C:\testing\Sticker obediently tell2\8
C:\testing\Mafumafu Sticker (cat) vol.2\9
C:\testing\Mafumafu Sticker (cat) vol.2\10
C:\testing\Amatsuki Sticker\11
C:\testing\Amatsuki Sticker\12
C:\testing\honobono log sticker\13
C:\testing\honobono log sticker\14
C:\testing\Fun life of Boy Student 2\15
C:\testing\Fun life of Boy Student 2\16
C:\testing\It's love 8.\17
C:\testing\It's love 8.\18
C:\testing\it's love 7.\19
C:\testing\it's love 7.\20
C:\testing\it's love 6\21
C:\testing\it's love 6\22
C:\testing\it's love 9.\23
C:\testing\it's love 9.\24
C:\testing\Dog girls sticker EN\25
C:\testing\Dog girls sticker EN\26
C:\testing\Menhera-chan.Animation 2 EN\27
C:\testing\Menhera-chan.Animation 2 EN\28
C:\testing\That One Guy With Glasses.\29
C:\testing\That One Guy With Glasses.\30
C:\testing\Fun life of Boy Student 4\31
C:\testing\Fun life of Boy Student 4\32
C:\testing\snuggling sticker\33
C:\testing\snuggling sticker\34
C:\testing\Love tell sticker 2\35
C:\testing\Love tell sticker 2\36
C:\testing\Love tell sticker\37
C:\testing\Love tell sticker\38
C:\testing\NEKOMIMI PARADISE 1\39
C:\testing\NEKOMIMI PARADISE 1\40
C:\testing\NEKOMIMI PARADISE 2\41
C:\testing\NEKOMIMI PARADISE 2\42
C:\testing\Love tell sticker 3\43
C:\testing\Love tell sticker 3\44
C:\testing\YURU-YURI\45
C:\testing\YURU-YURI\46
C:\testing\Hatsune Miku\47
C:\testing\Hatsune Miku\48