
Mafumafu Sticker (cat) Part 1
Mafumafu Sticker (cat) Part 2
honobono log sticker 2 Part 1
honobono log sticker 2 Part 2
Warm fuzzy series (high school boys) Part 1
Warm fuzzy series (high school boys) Part 2
Sticker obediently tell2 Part 1
Sticker obediently tell2 Part 2
Mafumafu Sticker (cat) vol.2 Part 1
Mafumafu Sticker (cat) vol.2 Part 2
Amatsuki Sticker Part 1
Amatsuki Sticker Part 2
honobono log sticker Part 1
honobono log sticker Part 2
Fun life of Boy Student 2 Part 1
Fun life of Boy Student 2 Part 2
It's love 8. Part 1
It's love 8. Part 2
it's love 7. Part 1
it's love 7. Part 2
it's love 6 Part 1
it's love 6 Part 2
it's love 9. Part 1
it's love 9. Part 2
Dog girls sticker EN Part 1
Dog girls sticker EN Part 2
Menhera-chan.Animation 2 EN Part 1
Menhera-chan.Animation 2 EN Part 2
That One Guy With Glasses. Part 1
That One Guy With Glasses. Part 2
Fun life of Boy Student 4 Part 1
Fun life of Boy Student 4 Part 2
snuggling sticker Part 1
snuggling sticker Part 2
Love tell sticker 2 Part 1
Love tell sticker 2 Part 2
Love tell sticker Part 1
Love tell sticker Part 2
NEKOMIMI PARADISE 1 Part 1
NEKOMIMI PARADISE 1 Part 2
NEKOMIMI PARADISE 2 Part 1
NEKOMIMI PARADISE 2 Part 2
Love tell sticker 3 Part 1
Love tell sticker 3 Part 2
YURU-YURI Part 1
YURU-YURI Part 2
Hatsune Miku Part 1
Hatsune Miku Part 2